Horizontal gran: 1
Vertical 1st level gran: 1
Vertical 2nd level gran: 1
Concurrency on 32 threads.
The algorithm took: 16448 millis.
Score: 1697

750
56
661 684
37 262
155 200
758 327
96 345
529 482
458 866
873 162
979 438
105 817
226 185
51 295
403 553
244 965
246 67
929 285
20 991
444 93
861 498
195 322
55 603
988 615
701 386
151 26
95 635
82 49
834 350
806 662
607 657
289 995
165 204
455 459
714 744
993 982
789 544
80 481
857 919
52 599
670 522
469 912
234 984
454 388
475 72
341 115
847 231
622 932
695 947
108 339
753 735
269 99
410 415
943 242
61 585
494 726
487 452
153 853
215 344
566 392
805 751
478 413
517 619
129 161
956 796
188 957
53 759
595 868
903 133
710 359
813 94
134 288
224 253
828 484
573 858
44 221
252 337
973 248
495 114
937 513
911 977
365 150
88 117
740 428
630 927
437 157
846 147
558 18
632 636
273 894
946 518
474 543
461 862
660 40
838 91
624 832
521 152
892 318
625 770
182 801
783 414
376 980
504
343 876
27 409
974 631
169 102
263 881
236 617
15 825
227 774
711 841
620 534
8 394
304 795
130 137
336 902
331 138
128 12
131 471
464 542
69 794
564 700
173 601
307 659
634 752
816 501
146 872
537 721
953 372
171 449
798 338
685 168
32 580
609 598
54 76
548 321
259 101
525 163
422 835
930 579
57 582
675 960
918 643
781 368
985 885
915 156
257 172
97 118
291 353
47 674
909 797
788 716
990 405
612 810
934 373
189
466 124
818 424
375 511
401 681
840 833
190 447
383 765
402 371
81
59 243
490 676
920 800
85 808
264 664
586 31
492 335
6 898
583 668
84 697
683 399
945 545
160 879
769 503
470 385
199 198
901 996
66 628
266 237
144 709
71 651
608 432
465 46
928 703
653 408
527 572
666 577
590 637
871 270
30 271
571 897
180 524
750 856
355 528
815
65 698
587 940
175 10
330 824
395 837
883 191
238 581
206 116
968 547
363 382
510 665
760 884
696 290
782 496
949 280
578 715
476 143
568 589
218 183
407 891
297 961
306 737
249 562
104 717
0 773
576
207 814
497
36 673
250 535
686 958
618 256
223 910
86 126
552 68
749 512
418 366
417 434
9
509
557
699 324
516
123 384
731 882
604
705 763
119 443
281
228
2 633
43
136
663
79 427
820
109
916 941
158 445
746
886
904 720
209
777
812
887
600 967
398 981
728
254
196
436
584
412
549
654
460
874
58 952
214 523
538
500
906
775
22
217
550
429
64 793
479
938
999 310
719
962
393
922
880
78
286
103
294
691
933
356
334
506
303
707
745
451
803
485
921
809
658
667
70
378
712
431
790
646
159
370
404
723
499
532
149
645
208
38
211
925
240
563 390
756
423
539
210
245
148
411
914
305
724
201
121
848
381
942
541
364
473
360
638
325
644
309
536
34
275
533
28
176
614
7
963
779
23
567
596
251
761
352
836
225
179
905
463
727
613
298
11
483
154
704
279
178
839
786
755
184
515
678
241
594
830
502
419 689
804
426 762
276
186
554
935
48
688
907
347
893
626
629
489
978
722
854
379
851
964
605
41
433
301
272
987
693
917
247
255
924
391
908
950
889
966
453
799
265
823
844
63
505
302
472
313
531
559
477
348
611
741
219
955
127
655
821
764
570
951
125
24
260
145
768
944
135
73
931
530
25
602
319
997
367
166
296
326
687
74
100
826
493
890
899
239
60
197
441
900
771
560
216
468
202
939
5
860
83
948
986
842
540
220
690
486
878
89
300
754
926
112
287
606
13
597
641
992
822
430
333
462
193
994
141
888
702
648
292
192
642
976
480
222
514
869
16
62
400
574
807
913
320
757
164
677
435
268
351
107
969
845
623
397
106
50
831
802
139
111
258
656
621
730
181
546
203
627
849
639
450
316
736
488
323
923
439
692
267
457
669
865
519
235
120
174
212
526
569
895
35
358
233
718
354
983
520
867
328
671
776
346
819
679
90
314
4
167
680
205
827
45
14
975
507
389
3
387
332
778
340
739
274
682
170
708
374
672
349
261
311
610
791
342
362
440
747
551
936
896
19
446
406
742
989
39
29
329
972
954
377
232
317
357
792
1
299
785
122
187
491
42
284
283
732
565
734
75
616
971
859
772
706
142
588
396
448
113
140
98
855
380
194
467
87
561
647
312
177
787
725
593
110
650
361
277
592
555
852
315
416
767
92
556
591
863
425
132
652
780
748
456
694
811
420
575
970
278
649
77
743
230
733
864
442
213
713
959
421
729
843
875
784
21
33
766
17
877
850
369
508
829
998
293
738
282
229
308
870
640
